<?xml version="1.0" encoding="UTF-8"?>
<testsuite xmlns:xsi="http://www.w3.org/2001/XMLSchema-instance" xsi:noNamespaceSchemaLocation="https://maven.apache.org/surefire/maven-surefire-plugin/xsd/surefire-test-report.xsd" name="lyc.compiler.LexerTest" time="0.002" tests="1" errors="0" skipped="1" failures="0">
  <properties>
    <property name="java.specification.version" value="18"/>
    <property name="sun.jnu.encoding" value="UTF-8"/>
    <property name="java.class.path" value="/Users/facundo.velazquez/Documents/personal/unlam/compiler-kotlin/target/test-classes:/Users/facundo.velazquez/Documents/personal/unlam/compiler-kotlin/target/classes:/Users/facundo.velazquez/.m2/repository/org/jetbrains/kotlin/kotlin-test-junit5/1.7.22/kotlin-test-junit5-1.7.22.jar:/Users/facundo.velazquez/.m2/repository/org/jetbrains/kotlin/kotlin-test/1.7.22/kotlin-test-1.7.22.jar:/Users/facundo.velazquez/.m2/repository/org/jetbrains/kotlin/kotlin-stdlib-jdk8/1.7.22/kotlin-stdlib-jdk8-1.7.22.jar:/Users/facundo.velazquez/.m2/repository/org/jetbrains/kotlin/kotlin-stdlib/1.7.22/kotlin-stdlib-1.7.22.jar:/Users/facundo.velazquez/.m2/repository/org/jetbrains/kotlin/kotlin-stdlib-common/1.7.22/kotlin-stdlib-common-1.7.22.jar:/Users/facundo.velazquez/.m2/repository/org/jetbrains/annotations/13.0/annotations-13.0.jar:/Users/facundo.velazquez/.m2/repository/org/jetbrains/kotlin/kotlin-stdlib-jdk7/1.7.22/kotlin-stdlib-jdk7-1.7.22.jar:/Users/facundo.velazquez/.m2/repository/commons-io/commons-io/2.11.0/commons-io-2.11.0.jar:/Users/facundo.velazquez/.m2/repository/org/apache/commons/commons-text/1.10.0/commons-text-1.10.0.jar:/Users/facundo.velazquez/.m2/repository/org/apache/commons/commons-lang3/3.12.0/commons-lang3-3.12.0.jar:/Users/facundo.velazquez/.m2/repository/com/github/vbmacher/java-cup-runtime/11b-20160615/java-cup-runtime-11b-20160615.jar:/Users/facundo.velazquez/.m2/repository/com/google/truth/truth/1.1.3/truth-1.1.3.jar:/Users/facundo.velazquez/.m2/repository/com/google/guava/guava/30.1.1-android/guava-30.1.1-android.jar:/Users/facundo.velazquez/.m2/repository/com/google/guava/failureaccess/1.0.1/failureaccess-1.0.1.jar:/Users/facundo.velazquez/.m2/repository/com/google/guava/listenablefuture/9999.0-empty-to-avoid-conflict-with-guava/listenablefuture-9999.0-empty-to-avoid-conflict-with-guava.jar:/Users/facundo.velazquez/.m2/repository/com/google/code/findbugs/jsr305/3.0.2/jsr305-3.0.2.jar:/Users/facundo.velazquez/.m2/repository/org/checkerframework/checker-compat-qual/2.5.5/checker-compat-qual-2.5.5.jar:/Users/facundo.velazquez/.m2/repository/com/google/j2objc/j2objc-annotations/1.3/j2objc-annotations-1.3.jar:/Users/facundo.velazquez/.m2/repository/org/checkerframework/checker-qual/3.13.0/checker-qual-3.13.0.jar:/Users/facundo.velazquez/.m2/repository/com/google/auto/value/auto-value-annotations/1.8.1/auto-value-annotations-1.8.1.jar:/Users/facundo.velazquez/.m2/repository/com/google/errorprone/error_prone_annotations/2.7.1/error_prone_annotations-2.7.1.jar:/Users/facundo.velazquez/.m2/repository/org/ow2/asm/asm/9.1/asm-9.1.jar:/Users/facundo.velazquez/.m2/repository/org/assertj/assertj-core/3.23.1/assertj-core-3.23.1.jar:/Users/facundo.velazquez/.m2/repository/net/bytebuddy/byte-buddy/1.12.10/byte-buddy-1.12.10.jar:/Users/facundo.velazquez/.m2/repository/org/junit/jupiter/junit-jupiter-api/5.9.0/junit-jupiter-api-5.9.0.jar:/Users/facundo.velazquez/.m2/repository/org/opentest4j/opentest4j/1.2.0/opentest4j-1.2.0.jar:/Users/facundo.velazquez/.m2/repository/org/junit/platform/junit-platform-commons/1.9.0/junit-platform-commons-1.9.0.jar:/Users/facundo.velazquez/.m2/repository/org/apiguardian/apiguardian-api/1.1.2/apiguardian-api-1.1.2.jar:/Users/facundo.velazquez/.m2/repository/org/junit/jupiter/junit-jupiter-engine/5.9.0/junit-jupiter-engine-5.9.0.jar:/Users/facundo.velazquez/.m2/repository/org/junit/platform/junit-platform-engine/1.9.0/junit-platform-engine-1.9.0.jar:/Users/facundo.velazquez/.m2/repository/org/jetbrains/kotlin/kotlin-maven-plugin/1.7.20/kotlin-maven-plugin-1.7.20.jar:/Users/facundo.velazquez/.m2/repository/org/apache/maven/maven-core/3.0.5/maven-core-3.0.5.jar:/Users/facundo.velazquez/.m2/repository/org/apache/maven/maven-model/3.0.5/maven-model-3.0.5.jar:/Users/facundo.velazquez/.m2/repository/org/apache/maven/maven-settings/3.0.5/maven-settings-3.0.5.jar:/Users/facundo.velazquez/.m2/repository/org/apache/maven/maven-settings-builder/3.0.5/maven-settings-builder-3.0.5.jar:/Users/facundo.velazquez/.m2/repository/org/apache/maven/maven-repository-metadata/3.0.5/maven-repository-metadata-3.0.5.jar:/Users/facundo.velazquez/.m2/repository/org/apache/maven/maven-artifact/3.0.5/maven-artifact-3.0.5.jar:/Users/facundo.velazquez/.m2/repository/org/apache/maven/maven-model-builder/3.0.5/maven-model-builder-3.0.5.jar:/Users/facundo.velazquez/.m2/repository/org/apache/maven/maven-aether-provider/3.0.5/maven-aether-provider-3.0.5.jar:/Users/facundo.velazquez/.m2/repository/org/sonatype/aether/aether-spi/1.13.1/aether-spi-1.13.1.jar:/Users/facundo.velazquez/.m2/repository/org/sonatype/aether/aether-impl/1.13.1/aether-impl-1.13.1.jar:/Users/facundo.velazquez/.m2/repository/org/sonatype/aether/aether-api/1.13.1/aether-api-1.13.1.jar:/Users/facundo.velazquez/.m2/repository/org/sonatype/aether/aether-util/1.13.1/aether-util-1.13.1.jar:/Users/facundo.velazquez/.m2/repository/org/sonatype/sisu/sisu-inject-plexus/2.3.0/sisu-inject-plexus-2.3.0.jar:/Users/facundo.velazquez/.m2/repository/org/sonatype/sisu/sisu-inject-bean/2.3.0/sisu-inject-bean-2.3.0.jar:/Users/facundo.velazquez/.m2/repository/org/sonatype/sisu/sisu-guice/3.1.0/sisu-guice-3.1.0-no_aop.jar:/Users/facundo.velazquez/.m2/repository/org/sonatype/sisu/sisu-guava/0.9.9/sisu-guava-0.9.9.jar:/Users/facundo.velazquez/.m2/repository/org/codehaus/plexus/plexus-interpolation/1.14/plexus-interpolation-1.14.jar:/Users/facundo.velazquez/.m2/repository/org/codehaus/plexus/plexus-utils/2.0.6/plexus-utils-2.0.6.jar:/Users/facundo.velazquez/.m2/repository/org/codehaus/plexus/plexus-classworlds/2.4/plexus-classworlds-2.4.jar:/Users/facundo.velazquez/.m2/repository/org/codehaus/plexus/plexus-component-annotations/1.5.5/plexus-component-annotations-1.5.5.jar:/Users/facundo.velazquez/.m2/repository/org/sonatype/plexus/plexus-sec-dispatcher/1.3/plexus-sec-dispatcher-1.3.jar:/Users/facundo.velazquez/.m2/repository/org/sonatype/plexus/plexus-cipher/1.4/plexus-cipher-1.4.jar:/Users/facundo.velazquez/.m2/repository/org/apache/maven/maven-plugin-api/3.0.5/maven-plugin-api-3.0.5.jar:/Users/facundo.velazquez/.m2/repository/org/apache/maven/plugin-tools/maven-plugin-annotations/3.4/maven-plugin-annotations-3.4.jar:/Users/facundo.velazquez/.m2/repository/org/jetbrains/kotlin/kotlin-compiler/1.7.20/kotlin-compiler-1.7.20.jar:/Users/facundo.velazquez/.m2/repository/org/jetbrains/kotlin/kotlin-script-runtime/1.7.20/kotlin-script-runtime-1.7.20.jar:/Users/facundo.velazquez/.m2/repository/org/jetbrains/kotlin/kotlin-reflect/1.7.20/kotlin-reflect-1.7.20.jar:/Users/facundo.velazquez/.m2/repository/org/jetbrains/intellij/deps/trove4j/1.0.20200330/trove4j-1.0.20200330.jar:/Users/facundo.velazquez/.m2/repository/org/jetbrains/kotlin/kotlin-scripting-compiler/1.7.20/kotlin-scripting-compiler-1.7.20.jar:/Users/facundo.velazquez/.m2/repository/org/jetbrains/kotlin/kotlin-scripting-common/1.7.20/kotlin-scripting-common-1.7.20.jar:/Users/facundo.velazquez/.m2/repository/org/jetbrains/kotlin/kotlin-scripting-jvm/1.7.20/kotlin-scripting-jvm-1.7.20.jar:/Users/facundo.velazquez/.m2/repository/org/jetbrains/kotlin/kotlin-scripting-compiler-impl/1.7.20/kotlin-scripting-compiler-impl-1.7.20.jar:/Users/facundo.velazquez/.m2/repository/org/jline/jline/3.3.1/jline-3.3.1.jar:/Users/facundo.velazquez/.m2/repository/org/apache/maven/plugins/maven-compiler-plugin/3.5.1/maven-compiler-plugin-3.5.1.jar:/Users/facundo.velazquez/.m2/repository/org/apache/maven/maven-toolchain/2.2.1/maven-toolchain-2.2.1.jar:/Users/facundo.velazquez/.m2/repository/org/apache/maven/shared/maven-shared-utils/3.0.0/maven-shared-utils-3.0.0.jar:/Users/facundo.velazquez/.m2/repository/org/apache/maven/shared/maven-shared-incremental/1.1/maven-shared-incremental-1.1.jar:/Users/facundo.velazquez/.m2/repository/org/codehaus/plexus/plexus-compiler-api/2.7/plexus-compiler-api-2.7.jar:/Users/facundo.velazquez/.m2/repository/org/codehaus/plexus/plexus-compiler-manager/2.7/plexus-compiler-manager-2.7.jar:/Users/facundo.velazquez/.m2/repository/org/codehaus/plexus/plexus-compiler-javac/2.7/plexus-compiler-javac-2.7.jar:"/>
    <property name="java.vm.vendor" value="Oracle Corporation"/>
    <property name="sun.arch.data.model" value="64"/>
    <property name="java.vendor.url" value="https://java.oracle.com/"/>
    <property name="os.name" value="Mac OS X"/>
    <property name="java.vm.specification.version" value="18"/>
    <property name="sun.java.launcher" value="SUN_STANDARD"/>
    <property name="user.country" value="AR"/>
    <property name="sun.boot.library.path" value="/Library/Java/JavaVirtualMachines/jdk-18.0.2.1.jdk/Contents/Home/lib"/>
    <property name="sun.java.command" value="/Users/facundo.velazquez/Documents/personal/unlam/compiler-kotlin/target/surefire/surefirebooter4331250281434363928.jar /Users/facundo.velazquez/Documents/personal/unlam/compiler-kotlin/target/surefire 2023-01-28T10-48-51_953-jvmRun1 surefire11794998184107896892tmp surefire_014599386286594729999tmp"/>
    <property name="http.nonProxyHosts" value="local|*.local|169.254/16|*.169.254/16"/>
    <property name="jdk.debug" value="release"/>
    <property name="surefire.test.class.path" value="/Users/facundo.velazquez/Documents/personal/unlam/compiler-kotlin/target/test-classes:/Users/facundo.velazquez/Documents/personal/unlam/compiler-kotlin/target/classes:/Users/facundo.velazquez/.m2/repository/org/jetbrains/kotlin/kotlin-test-junit5/1.7.22/kotlin-test-junit5-1.7.22.jar:/Users/facundo.velazquez/.m2/repository/org/jetbrains/kotlin/kotlin-test/1.7.22/kotlin-test-1.7.22.jar:/Users/facundo.velazquez/.m2/repository/org/jetbrains/kotlin/kotlin-stdlib-jdk8/1.7.22/kotlin-stdlib-jdk8-1.7.22.jar:/Users/facundo.velazquez/.m2/repository/org/jetbrains/kotlin/kotlin-stdlib/1.7.22/kotlin-stdlib-1.7.22.jar:/Users/facundo.velazquez/.m2/repository/org/jetbrains/kotlin/kotlin-stdlib-common/1.7.22/kotlin-stdlib-common-1.7.22.jar:/Users/facundo.velazquez/.m2/repository/org/jetbrains/annotations/13.0/annotations-13.0.jar:/Users/facundo.velazquez/.m2/repository/org/jetbrains/kotlin/kotlin-stdlib-jdk7/1.7.22/kotlin-stdlib-jdk7-1.7.22.jar:/Users/facundo.velazquez/.m2/repository/commons-io/commons-io/2.11.0/commons-io-2.11.0.jar:/Users/facundo.velazquez/.m2/repository/org/apache/commons/commons-text/1.10.0/commons-text-1.10.0.jar:/Users/facundo.velazquez/.m2/repository/org/apache/commons/commons-lang3/3.12.0/commons-lang3-3.12.0.jar:/Users/facundo.velazquez/.m2/repository/com/github/vbmacher/java-cup-runtime/11b-20160615/java-cup-runtime-11b-20160615.jar:/Users/facundo.velazquez/.m2/repository/com/google/truth/truth/1.1.3/truth-1.1.3.jar:/Users/facundo.velazquez/.m2/repository/com/google/guava/guava/30.1.1-android/guava-30.1.1-android.jar:/Users/facundo.velazquez/.m2/repository/com/google/guava/failureaccess/1.0.1/failureaccess-1.0.1.jar:/Users/facundo.velazquez/.m2/repository/com/google/guava/listenablefuture/9999.0-empty-to-avoid-conflict-with-guava/listenablefuture-9999.0-empty-to-avoid-conflict-with-guava.jar:/Users/facundo.velazquez/.m2/repository/com/google/code/findbugs/jsr305/3.0.2/jsr305-3.0.2.jar:/Users/facundo.velazquez/.m2/repository/org/checkerframework/checker-compat-qual/2.5.5/checker-compat-qual-2.5.5.jar:/Users/facundo.velazquez/.m2/repository/com/google/j2objc/j2objc-annotations/1.3/j2objc-annotations-1.3.jar:/Users/facundo.velazquez/.m2/repository/org/checkerframework/checker-qual/3.13.0/checker-qual-3.13.0.jar:/Users/facundo.velazquez/.m2/repository/com/google/auto/value/auto-value-annotations/1.8.1/auto-value-annotations-1.8.1.jar:/Users/facundo.velazquez/.m2/repository/com/google/errorprone/error_prone_annotations/2.7.1/error_prone_annotations-2.7.1.jar:/Users/facundo.velazquez/.m2/repository/org/ow2/asm/asm/9.1/asm-9.1.jar:/Users/facundo.velazquez/.m2/repository/org/assertj/assertj-core/3.23.1/assertj-core-3.23.1.jar:/Users/facundo.velazquez/.m2/repository/net/bytebuddy/byte-buddy/1.12.10/byte-buddy-1.12.10.jar:/Users/facundo.velazquez/.m2/repository/org/junit/jupiter/junit-jupiter-api/5.9.0/junit-jupiter-api-5.9.0.jar:/Users/facundo.velazquez/.m2/repository/org/opentest4j/opentest4j/1.2.0/opentest4j-1.2.0.jar:/Users/facundo.velazquez/.m2/repository/org/junit/platform/junit-platform-commons/1.9.0/junit-platform-commons-1.9.0.jar:/Users/facundo.velazquez/.m2/repository/org/apiguardian/apiguardian-api/1.1.2/apiguardian-api-1.1.2.jar:/Users/facundo.velazquez/.m2/repository/org/junit/jupiter/junit-jupiter-engine/5.9.0/junit-jupiter-engine-5.9.0.jar:/Users/facundo.velazquez/.m2/repository/org/junit/platform/junit-platform-engine/1.9.0/junit-platform-engine-1.9.0.jar:/Users/facundo.velazquez/.m2/repository/org/jetbrains/kotlin/kotlin-maven-plugin/1.7.20/kotlin-maven-plugin-1.7.20.jar:/Users/facundo.velazquez/.m2/repository/org/apache/maven/maven-core/3.0.5/maven-core-3.0.5.jar:/Users/facundo.velazquez/.m2/repository/org/apache/maven/maven-model/3.0.5/maven-model-3.0.5.jar:/Users/facundo.velazquez/.m2/repository/org/apache/maven/maven-settings/3.0.5/maven-settings-3.0.5.jar:/Users/facundo.velazquez/.m2/repository/org/apache/maven/maven-settings-builder/3.0.5/maven-settings-builder-3.0.5.jar:/Users/facundo.velazquez/.m2/repository/org/apache/maven/maven-repository-metadata/3.0.5/maven-repository-metadata-3.0.5.jar:/Users/facundo.velazquez/.m2/repository/org/apache/maven/maven-artifact/3.0.5/maven-artifact-3.0.5.jar:/Users/facundo.velazquez/.m2/repository/org/apache/maven/maven-model-builder/3.0.5/maven-model-builder-3.0.5.jar:/Users/facundo.velazquez/.m2/repository/org/apache/maven/maven-aether-provider/3.0.5/maven-aether-provider-3.0.5.jar:/Users/facundo.velazquez/.m2/repository/org/sonatype/aether/aether-spi/1.13.1/aether-spi-1.13.1.jar:/Users/facundo.velazquez/.m2/repository/org/sonatype/aether/aether-impl/1.13.1/aether-impl-1.13.1.jar:/Users/facundo.velazquez/.m2/repository/org/sonatype/aether/aether-api/1.13.1/aether-api-1.13.1.jar:/Users/facundo.velazquez/.m2/repository/org/sonatype/aether/aether-util/1.13.1/aether-util-1.13.1.jar:/Users/facundo.velazquez/.m2/repository/org/sonatype/sisu/sisu-inject-plexus/2.3.0/sisu-inject-plexus-2.3.0.jar:/Users/facundo.velazquez/.m2/repository/org/sonatype/sisu/sisu-inject-bean/2.3.0/sisu-inject-bean-2.3.0.jar:/Users/facundo.velazquez/.m2/repository/org/sonatype/sisu/sisu-guice/3.1.0/sisu-guice-3.1.0-no_aop.jar:/Users/facundo.velazquez/.m2/repository/org/sonatype/sisu/sisu-guava/0.9.9/sisu-guava-0.9.9.jar:/Users/facundo.velazquez/.m2/repository/org/codehaus/plexus/plexus-interpolation/1.14/plexus-interpolation-1.14.jar:/Users/facundo.velazquez/.m2/repository/org/codehaus/plexus/plexus-utils/2.0.6/plexus-utils-2.0.6.jar:/Users/facundo.velazquez/.m2/repository/org/codehaus/plexus/plexus-classworlds/2.4/plexus-classworlds-2.4.jar:/Users/facundo.velazquez/.m2/repository/org/codehaus/plexus/plexus-component-annotations/1.5.5/plexus-component-annotations-1.5.5.jar:/Users/facundo.velazquez/.m2/repository/org/sonatype/plexus/plexus-sec-dispatcher/1.3/plexus-sec-dispatcher-1.3.jar:/Users/facundo.velazquez/.m2/repository/org/sonatype/plexus/plexus-cipher/1.4/plexus-cipher-1.4.jar:/Users/facundo.velazquez/.m2/repository/org/apache/maven/maven-plugin-api/3.0.5/maven-plugin-api-3.0.5.jar:/Users/facundo.velazquez/.m2/repository/org/apache/maven/plugin-tools/maven-plugin-annotations/3.4/maven-plugin-annotations-3.4.jar:/Users/facundo.velazquez/.m2/repository/org/jetbrains/kotlin/kotlin-compiler/1.7.20/kotlin-compiler-1.7.20.jar:/Users/facundo.velazquez/.m2/repository/org/jetbrains/kotlin/kotlin-script-runtime/1.7.20/kotlin-script-runtime-1.7.20.jar:/Users/facundo.velazquez/.m2/repository/org/jetbrains/kotlin/kotlin-reflect/1.7.20/kotlin-reflect-1.7.20.jar:/Users/facundo.velazquez/.m2/repository/org/jetbrains/intellij/deps/trove4j/1.0.20200330/trove4j-1.0.20200330.jar:/Users/facundo.velazquez/.m2/repository/org/jetbrains/kotlin/kotlin-scripting-compiler/1.7.20/kotlin-scripting-compiler-1.7.20.jar:/Users/facundo.velazquez/.m2/repository/org/jetbrains/kotlin/kotlin-scripting-common/1.7.20/kotlin-scripting-common-1.7.20.jar:/Users/facundo.velazquez/.m2/repository/org/jetbrains/kotlin/kotlin-scripting-jvm/1.7.20/kotlin-scripting-jvm-1.7.20.jar:/Users/facundo.velazquez/.m2/repository/org/jetbrains/kotlin/kotlin-scripting-compiler-impl/1.7.20/kotlin-scripting-compiler-impl-1.7.20.jar:/Users/facundo.velazquez/.m2/repository/org/jline/jline/3.3.1/jline-3.3.1.jar:/Users/facundo.velazquez/.m2/repository/org/apache/maven/plugins/maven-compiler-plugin/3.5.1/maven-compiler-plugin-3.5.1.jar:/Users/facundo.velazquez/.m2/repository/org/apache/maven/maven-toolchain/2.2.1/maven-toolchain-2.2.1.jar:/Users/facundo.velazquez/.m2/repository/org/apache/maven/shared/maven-shared-utils/3.0.0/maven-shared-utils-3.0.0.jar:/Users/facundo.velazquez/.m2/repository/org/apache/maven/shared/maven-shared-incremental/1.1/maven-shared-incremental-1.1.jar:/Users/facundo.velazquez/.m2/repository/org/codehaus/plexus/plexus-compiler-api/2.7/plexus-compiler-api-2.7.jar:/Users/facundo.velazquez/.m2/repository/org/codehaus/plexus/plexus-compiler-manager/2.7/plexus-compiler-manager-2.7.jar:/Users/facundo.velazquez/.m2/repository/org/codehaus/plexus/plexus-compiler-javac/2.7/plexus-compiler-javac-2.7.jar:"/>
    <property name="sun.cpu.endian" value="little"/>
    <property name="user.home" value="/Users/facundo.velazquez"/>
    <property name="user.language" value="en"/>
    <property name="java.specification.vendor" value="Oracle Corporation"/>
    <property name="java.version.date" value="2022-08-18"/>
    <property name="java.home" value="/Library/Java/JavaVirtualMachines/jdk-18.0.2.1.jdk/Contents/Home"/>
    <property name="file.separator" value="/"/>
    <property name="basedir" value="/Users/facundo.velazquez/Documents/personal/unlam/compiler-kotlin"/>
    <property name="java.vm.compressedOopsMode" value="Zero based"/>
    <property name="line.separator" value="&#10;"/>
    <property name="java.specification.name" value="Java Platform API Specification"/>
    <property name="java.vm.specification.vendor" value="Oracle Corporation"/>
    <property name="apple.awt.application.name" value="ForkedBooter"/>
    <property name="surefire.real.class.path" value="/Users/facundo.velazquez/Documents/personal/unlam/compiler-kotlin/target/surefire/surefirebooter4331250281434363928.jar"/>
    <property name="sun.management.compiler" value="HotSpot 64-Bit Tiered Compilers"/>
    <property name="ftp.nonProxyHosts" value="local|*.local|169.254/16|*.169.254/16"/>
    <property name="java.runtime.version" value="18.0.2.1+1-1"/>
    <property name="user.name" value="facundo.velazquez"/>
    <property name="path.separator" value=":"/>
    <property name="os.version" value="12.6"/>
    <property name="java.runtime.name" value="Java(TM) SE Runtime Environment"/>
    <property name="file.encoding" value="UTF-8"/>
    <property name="java.vm.name" value="Java HotSpot(TM) 64-Bit Server VM"/>
    <property name="localRepository" value="/Users/facundo.velazquez/.m2/repository"/>
    <property name="java.vendor.url.bug" value="https://bugreport.java.com/bugreport/"/>
    <property name="java.io.tmpdir" value="/var/folders/n1/zymv4_f129q_qj2c3xv62b840000gp/T/"/>
    <property name="java.version" value="18.0.2.1"/>
    <property name="user.dir" value="/Users/facundo.velazquez/Documents/personal/unlam/compiler-kotlin"/>
    <property name="os.arch" value="x86_64"/>
    <property name="java.vm.specification.name" value="Java Virtual Machine Specification"/>
    <property name="native.encoding" value="UTF-8"/>
    <property name="java.library.path" value="/Users/facundo.velazquez/Library/Java/Extensions:/Library/Java/Extensions:/Network/Library/Java/Extensions:/System/Library/Java/Extensions:/usr/lib/java:."/>
    <property name="java.vm.info" value="mixed mode, sharing"/>
    <property name="java.vendor" value="Oracle Corporation"/>
    <property name="java.vm.version" value="18.0.2.1+1-1"/>
    <property name="sun.io.unicode.encoding" value="UnicodeBig"/>
    <property name="socksNonProxyHosts" value="local|*.local|169.254/16|*.169.254/16"/>
    <property name="java.class.version" value="62.0"/>
  </properties>
  <testcase name="lyc.compiler.LexerTest" classname="lyc.compiler.LexerTest" time="0">
    <skipped message="class lyc.compiler.LexerTest is @Disabled"/>
  </testcase>
</testsuite>